<?xml version="1.0" encoding="UTF-8"?>
<testng-results total="2" passed="2" failed="0" skipped="0">
  <reporter-output>
    <line>
      <![CDATA[VerifyFacebookLoginPageLogo]]>
    </line>
    <line>
      <![CDATA[VerifyFacebookLoginPageTagline]]>
    </line>
    <line>
      <![CDATA[VeryFyFacebookLOginPageCreatNewAccountBtn]]>
    </line>
    <line>
      <![CDATA[VeriFyFacebookLoginPageForgotPasswardlink]]>
    </line>
    <line>
      <![CDATA[VerifyFacebookLoginPageFooterlinksSize]]>
    </line>
    <line>
      <![CDATA[SetFacebookLoginPageUsername]]>
    </line>
    <line>
      <![CDATA[SetFacebookLoginPagePassward]]>
    </line>
    <line>
      <![CDATA[ClickFacebookLoginPageLoginbtn]]>
    </line>
  </reporter-output>
  <suite started-at="2022-12-19T19:13:02Z" name="Surefire suite" finished-at="2022-12-19T19:13:12Z" duration-ms="10620">
    <groups>
    </groups>
    <test started-at="2022-12-19T19:13:02Z" name="Surefire test" finished-at="2022-12-19T19:13:12Z" duration-ms="10620">
      <class name="Com.ProjectName.qa.Test.LoginPageTest">
        <test-method is-config="true" signature="setup()" started-at="2022-12-19T19:13:02Z" name="setup" finished-at="2022-12-19T19:13:06Z" duration-ms="4029" status="PASS">
        </test-method>
        <test-method signature="FacebookLoginPageTest()" started-at="2022-12-19T19:13:06Z" name="FacebookLoginPageTest" finished-at="2022-12-19T19:13:07Z" duration-ms="905" status="PASS">
        </test-method>
        <test-method is-config="true" signature="teardown()" started-at="2022-12-19T19:13:07Z" name="teardown" finished-at="2022-12-19T19:13:07Z" duration-ms="177" status="PASS">
        </test-method>
      </class>
      <class name="Com.ProjectName.qa.Test.RegistrtionTest">
        <test-method is-config="true" signature="setup()" started-at="2022-12-19T19:13:07Z" name="setup" finished-at="2022-12-19T19:13:10Z" duration-ms="2644" status="PASS">
        </test-method>
        <test-method signature="FacebookregistrationPageTest_Positive()" started-at="2022-12-19T19:13:10Z" name="FacebookregistrationPageTest_Positive" finished-at="2022-12-19T19:13:12Z" duration-ms="2696" status="PASS">
        </test-method>
        <test-method is-config="true" signature="teardown()" started-at="2022-12-19T19:13:12Z" name="teardown" finished-at="2022-12-19T19:13:12Z" duration-ms="159" status="PASS">
        </test-method>
      </class>
    </test>
  </suite>
</testng-results>
